Arguments: 
  /Users/sinane/.nvm/versions/node/v16.13.1/bin/node /opt/homebrew/Cellar/yarn/1.22.15/libexec/bin/yarn.js add -D @types/noe

PATH: 
  /Users/sinane/.nvm/versions/node/v16.13.1/bin:/Users/sinane/Downloads/google-cloud-sdk/bin:/opt/homebrew/bin:/opt/homebrew/sbin:/usr/local/bin:/usr/bin:/bin:/usr/sbin:/sbin:/Library/Apple/usr/bin:/Users/sinane/.nvm/versions/node/v16.13.1/bin:/Users/sinane/Downloads/google-cloud-sdk/bin:/opt/homebrew/bin:/opt/homebrew/sbin:/Users/sinane/.fig/bin:/Users/sinane/.local/bin

Yarn version: 
  1.22.15

Node version: 
  16.13.1

Platform: 
  darwin arm64

Trace: 
  Error: https://registry.yarnpkg.com/@types%2fnoe: Not found
      at Request.params.callback [as _callback] (/opt/homebrew/Cellar/yarn/1.22.15/libexec/lib/cli.js:67031:18)
      at Request.self.callback (/opt/homebrew/Cellar/yarn/1.22.15/libexec/lib/cli.js:140885:22)
      at Request.emit (node:events:390:28)
      at Request.<anonymous> (/opt/homebrew/Cellar/yarn/1.22.15/libexec/lib/cli.js:141857:10)
      at Request.emit (node:events:390:28)
      at IncomingMessage.<anonymous> (/opt/homebrew/Cellar/yarn/1.22.15/libexec/lib/cli.js:141779:12)
      at Object.onceWrapper (node:events:509:28)
      at IncomingMessage.emit (node:events:402:35)
      at endReadableNT (node:internal/streams/readable:1343:12)
      at processTicksAndRejections (node:internal/process/task_queues:83:21)

npm manifest: 
  {
    "name": "SOLID",
    "version": "1.0.0",
    "main": "index.js",
    "repository": "https://github.com/ssi-moha/SOLID.git",
    "author": "Sinane <sin.sim@outlook.fr>",
    "license": "MIT",
    "scripts": {
      "build": "tsc"
    },
    "dependencies": {
      "typescript": "^4.9.3"
    }
  }

yarn manifest: 
  No manifest

Lockfile: 
  # THIS IS AN AUTOGENERATED FILE. DO NOT EDIT THIS FILE DIRECTLY.
  # yarn lockfile v1
  
  
  typescript@^4.9.3:
    version "4.9.3"
    resolved "https://registry.yarnpkg.com/typescript/-/typescript-4.9.3.tgz#3aea307c1746b8c384435d8ac36b8a2e580d85db"
    integrity sha512-CIfGzTelbKNEnLpLdGFgdyKhG23CKdKgQPOBc+OUNrkJ2vr+KSzsSV5kq5iWhEQbok+quxgGzrAtGWCyU7tHnA==
